# callgrind format
version: 1
creator: callgrind-3.15.0
pid: 10592
cmd:  ./mdriver -f traces/binary2.rep
part: 1


desc: I1 cache: 
desc: D1 cache: 
desc: LL cache: 

desc: Timerange: Basic block 0 - 120742088
desc: Trigger: Program termination

positions: line
events: Ir
summary: 415599439


ob=(3) /usr/lib/x86_64-linux-gnu/libc-2.31.so
fl=(113) /build/glibc-eX1tMB/glibc-2.31/csu/../csu/libc-start.c
fn=(352) (below main)
cob=(5) /home/antoni/Documents/University/Sem3_2020-2021/SO/malloc-panantoni01/mdriver
cfi=(119) /home/antoni/Documents/University/Sem3_2020-2021/SO/malloc-panantoni01/mdriver.c
cfn=(378) main
calls=1 229 
308 415599439

ob=(1) /usr/lib/x86_64-linux-gnu/ld-2.31.so
fl=(1) ???
fn=(0) 0x0000000000001100
cob=(5)
cfi=(112) ???
cfn=(350) _start
calls=1 0 
0 415599439

ob=(5)
fl=(112)
fn=(350)
cob=(3)
cfi=(113)
cfn=(352)
calls=1 137 
0 415599439

fl=(164) /home/antoni/Documents/University/Sem3_2020-2021/SO/malloc-panantoni01/mm.c
fn=(624) find_fit
215 12237
+2 75484602
+1 37742301
74 75484602
218 113239191
104 113208471
235 6093
+1 6093
66 30715
+24 6143
+3 12286
219 12286
+5 102
+2 51
79 51
+11 51
+3 51
226 51
+1 102
94 6092

fn=(622) mm_malloc
278 12288
62 12288
282 12288
cfn=(624)
calls=6144 -67 
* 207604078
+1 12288
98 51
296 102
-10 24372
66 1
287 4
cfn=(620) extend_heap
calls=1 166 
* 44
+4 12186
cfn=(624)
calls=6093 -76 
* 207647493
+5 6092
98 18276
296 6092
-7 12184
cfn=(620)
calls=6092 166 
* 213220
* 6092

fn=(620)
166 6093
62 12186
172 12186
cfi=(145) /home/antoni/Documents/University/Sem3_2020-2021/SO/malloc-panantoni01/memlib.c
cfn=(612) mem_sbrk
calls=6094 55 
* 54837
* 12186
+4 6093
-97 6093
+11 6093
+3 6093
+87 6093
66 6093
182 6093
66 6093
+46 6093
+1 12186
+3 12186
+16 18279
-66 2
+75 2
-75 1
+69 2
-45 1
+3 1
+93 18279

fl=(119)
fn=(378)
cfi=(164)
cfn=(622)
calls=6144 278 
648 415599439

fl=(145)
fn=(612)
55 6093
+1 6093
+2 30465
+6 6093
+2 6093

totals: 415599439
